!SESSION 2012-09-19 11:40:22.323 -----------------------------------------------
eclipse.buildId=unknown
java.version=1.7.0_04
java.vendor=Oracle Corporation
BootLoader constants: OS=linux, ARCH=x86_64, WS=gtk, NL=en_US

!ENTRY org.jaggeryjs.admin.styles 4 0 2012-09-19 11:40:22.323
!MESSAGE FrameworkEvent ERROR
!STACK 0
org.osgi.framework.BundleException: The activator main.org.jaggeryjs.admin.styles.internal.Activator for bundle org.jaggeryjs.admin.styles is invalid
	at org.eclipse.osgi.framework.internal.core.AbstractBundle.loadBundleActivator(AbstractBundle.java:171)
	at org.eclipse.osgi.framework.internal.core.BundleContextImpl.start(BundleContextImpl.java:679)
	at org.eclipse.osgi.framework.internal.core.BundleHost.startWorker(BundleHost.java:381)
	at org.eclipse.osgi.framework.internal.core.AbstractBundle.resume(AbstractBundle.java:389)
	at org.eclipse.osgi.framework.internal.core.Framework.resumeBundle(Framework.java:1130)
	at org.eclipse.osgi.framework.internal.core.StartLevelManager.resumeBundles(StartLevelManager.java:559)
	at org.eclipse.osgi.framework.internal.core.StartLevelManager.resumeBundles(StartLevelManager.java:544)
	at org.eclipse.osgi.framework.internal.core.StartLevelManager.incFWSL(StartLevelManager.java:457)
	at org.eclipse.osgi.framework.internal.core.StartLevelManager.doSetStartLevel(StartLevelManager.java:243)
	at org.eclipse.osgi.framework.internal.core.StartLevelManager.dispatchEvent(StartLevelManager.java:438)
	at org.eclipse.osgi.framework.internal.core.StartLevelManager.dispatchEvent(StartLevelManager.java:1)
	at org.eclipse.osgi.framework.eventmgr.EventManager.dispatchEvent(EventManager.java:230)
	at org.eclipse.osgi.framework.eventmgr.EventManager$EventThread.run(EventManager.java:340)
Caused by: java.lang.ClassNotFoundException: main.org.jaggeryjs.admin.styles.internal.Activator
	at org.eclipse.osgi.internal.loader.BundleLoader.findClassInternal(BundleLoader.java:513)
	at org.eclipse.osgi.internal.loader.BundleLoader.findClass(BundleLoader.java:429)
	at org.eclipse.osgi.internal.loader.BundleLoader.findClass(BundleLoader.java:417)
	at org.eclipse.osgi.internal.baseadaptor.DefaultClassLoader.loadClass(DefaultClassLoader.java:107)
	at java.lang.ClassLoader.loadClass(ClassLoader.java:356)
	at org.eclipse.osgi.internal.loader.BundleLoader.loadClass(BundleLoader.java:345)
	at org.eclipse.osgi.framework.internal.core.BundleHost.loadClass(BundleHost.java:229)
	at org.eclipse.osgi.framework.internal.core.AbstractBundle.loadBundleActivator(AbstractBundle.java:164)
	... 12 more
Root exception:
java.lang.ClassNotFoundException: main.org.jaggeryjs.admin.styles.internal.Activator
	at org.eclipse.osgi.internal.loader.BundleLoader.findClassInternal(BundleLoader.java:513)
	at org.eclipse.osgi.internal.loader.BundleLoader.findClass(BundleLoader.java:429)
	at org.eclipse.osgi.internal.loader.BundleLoader.findClass(BundleLoader.java:417)
	at org.eclipse.osgi.internal.baseadaptor.DefaultClassLoader.loadClass(DefaultClassLoader.java:107)
	at java.lang.ClassLoader.loadClass(ClassLoader.java:356)
	at org.eclipse.osgi.internal.loader.BundleLoader.loadClass(BundleLoader.java:345)
	at org.eclipse.osgi.framework.internal.core.BundleHost.loadClass(BundleHost.java:229)
	at org.eclipse.osgi.framework.internal.core.AbstractBundle.loadBundleActivator(AbstractBundle.java:164)
	at org.eclipse.osgi.framework.internal.core.BundleContextImpl.start(BundleContextImpl.java:679)
	at org.eclipse.osgi.framework.internal.core.BundleHost.startWorker(BundleHost.java:381)
	at org.eclipse.osgi.framework.internal.core.AbstractBundle.resume(AbstractBundle.java:389)
	at org.eclipse.osgi.framework.internal.core.Framework.resumeBundle(Framework.java:1130)
	at org.eclipse.osgi.framework.internal.core.StartLevelManager.resumeBundles(StartLevelManager.java:559)
	at org.eclipse.osgi.framework.internal.core.StartLevelManager.resumeBundles(StartLevelManager.java:544)
	at org.eclipse.osgi.framework.internal.core.StartLevelManager.incFWSL(StartLevelManager.java:457)
	at org.eclipse.osgi.framework.internal.core.StartLevelManager.doSetStartLevel(StartLevelManager.java:243)
	at org.eclipse.osgi.framework.internal.core.StartLevelManager.dispatchEvent(StartLevelManager.java:438)
	at org.eclipse.osgi.framework.internal.core.StartLevelManager.dispatchEvent(StartLevelManager.java:1)
	at org.eclipse.osgi.framework.eventmgr.EventManager.dispatchEvent(EventManager.java:230)
	at org.eclipse.osgi.framework.eventmgr.EventManager$EventThread.run(EventManager.java:340)

!ENTRY org.eclipse.equinox.ds 4 0 2012-09-19 11:40:24.823
!MESSAGE [SCR] Exception while activating instance org.wso2.carbon.webapp.mgt.internal.UrlMapperServiceComponent@61295616 of component org.wso2.carbon.webapp.mgt.internal.UrlMapperServiceComponent  
!STACK 0
java.lang.NoClassDefFoundError: org/wso2/carbon/url/mapper/HotUpdateService
	at java.lang.Class.getDeclaredMethods0(Native Method)
	at java.lang.Class.privateGetDeclaredMethods(Class.java:2442)
	at java.lang.Class.getDeclaredMethod(Class.java:1952)
	at org.eclipse.equinox.internal.ds.model.ServiceComponent.getMethod(ServiceComponent.java:148)
	at org.eclipse.equinox.internal.ds.model.ServiceComponent.activate(ServiceComponent.java:245)
	at org.eclipse.equinox.internal.ds.model.ServiceComponentProp.activate(ServiceComponentProp.java:146)
	at org.eclipse.equinox.internal.ds.model.ServiceComponentProp.build(ServiceComponentProp.java:346)
	at org.eclipse.equinox.internal.ds.InstanceProcess.buildComponent(InstanceProcess.java:588)
	at org.eclipse.equinox.internal.ds.InstanceProcess.buildComponents(InstanceProcess.java:196)
	at org.eclipse.equinox.internal.ds.Resolver.buildNewlySatisfied(Resolver.java:441)
	at org.eclipse.equinox.internal.ds.Resolver.enableComponents(Resolver.java:213)
	at org.eclipse.equinox.internal.ds.SCRManager.performWork(SCRManager.java:800)
	at org.eclipse.equinox.internal.ds.SCRManager$QueuedJob.dispatch(SCRManager.java:767)
	at org.eclipse.equinox.internal.ds.WorkThread.run(WorkThread.java:89)
	at org.eclipse.equinox.internal.util.impl.tpt.threadpool.Executor.run(Executor.java:70)
Caused by: java.lang.ClassNotFoundException: org.wso2.carbon.url.mapper.HotUpdateService
	at org.eclipse.osgi.internal.loader.BundleLoader.findClassInternal(BundleLoader.java:513)
	at org.eclipse.osgi.internal.loader.BundleLoader.findClass(BundleLoader.java:429)
	at org.eclipse.osgi.internal.loader.BundleLoader.findClass(BundleLoader.java:417)
	at org.eclipse.osgi.internal.baseadaptor.DefaultClassLoader.loadClass(DefaultClassLoader.java:107)
	at java.lang.ClassLoader.loadClass(ClassLoader.java:356)
	... 15 more

!ENTRY org.eclipse.equinox.ds 4 0 2012-09-19 11:40:24.823
!MESSAGE [SCR] Exception while activating instance org.wso2.carbon.webapp.mgt.internal.UrlMapperServiceComponent@61295616 of component org.wso2.carbon.webapp.mgt.internal.UrlMapperServiceComponent  
!STACK 0
java.lang.NoClassDefFoundError: org/wso2/carbon/url/mapper/HotUpdateService
	at java.lang.Class.getDeclaredMethods0(Native Method)
	at java.lang.Class.privateGetDeclaredMethods(Class.java:2442)
	at java.lang.Class.getDeclaredMethod(Class.java:1952)
	at org.eclipse.equinox.internal.ds.model.ServiceComponent.getMethod(ServiceComponent.java:148)
	at org.eclipse.equinox.internal.ds.model.ServiceComponent.activate(ServiceComponent.java:245)
	at org.eclipse.equinox.internal.ds.model.ServiceComponentProp.activate(ServiceComponentProp.java:146)
	at org.eclipse.equinox.internal.ds.model.ServiceComponentProp.build(ServiceComponentProp.java:346)
	at org.eclipse.equinox.internal.ds.InstanceProcess.buildComponent(InstanceProcess.java:588)
	at org.eclipse.equinox.internal.ds.InstanceProcess.buildComponents(InstanceProcess.java:196)
	at org.eclipse.equinox.internal.ds.Resolver.buildNewlySatisfied(Resolver.java:441)
	at org.eclipse.equinox.internal.ds.Resolver.enableComponents(Resolver.java:213)
	at org.eclipse.equinox.internal.ds.SCRManager.performWork(SCRManager.java:800)
	at org.eclipse.equinox.internal.ds.SCRManager$QueuedJob.dispatch(SCRManager.java:767)
	at org.eclipse.equinox.internal.ds.WorkThread.run(WorkThread.java:89)
	at org.eclipse.equinox.internal.util.impl.tpt.threadpool.Executor.run(Executor.java:70)
Caused by: java.lang.ClassNotFoundException: org.wso2.carbon.url.mapper.HotUpdateService
	at org.eclipse.osgi.internal.loader.BundleLoader.findClassInternal(BundleLoader.java:513)
	at org.eclipse.osgi.internal.loader.BundleLoader.findClass(BundleLoader.java:429)
	at org.eclipse.osgi.internal.loader.BundleLoader.findClass(BundleLoader.java:417)
	at org.eclipse.osgi.internal.baseadaptor.DefaultClassLoader.loadClass(DefaultClassLoader.java:107)
	at java.lang.ClassLoader.loadClass(ClassLoader.java:356)
	... 15 more

!ENTRY org.jaggeryjs.admin.styles 4 0 2012-09-19 11:40:26.744
!MESSAGE FrameworkEvent ERROR
!STACK 0
org.osgi.framework.BundleException: The activator main.org.jaggeryjs.admin.styles.internal.Activator for bundle org.jaggeryjs.admin.styles is invalid
	at org.eclipse.osgi.framework.internal.core.AbstractBundle.loadBundleActivator(AbstractBundle.java:171)
	at org.eclipse.osgi.framework.internal.core.BundleContextImpl.start(BundleContextImpl.java:679)
	at org.eclipse.osgi.framework.internal.core.BundleHost.startWorker(BundleHost.java:381)
	at org.eclipse.osgi.framework.internal.core.AbstractBundle.resume(AbstractBundle.java:389)
	at org.eclipse.osgi.framework.internal.core.Framework.resumeBundle(Framework.java:1130)
	at org.eclipse.osgi.framework.internal.core.StartLevelManager.setBundleSL(StartLevelManager.java:693)
	at org.eclipse.osgi.framework.internal.core.StartLevelManager.dispatchEvent(StartLevelManager.java:435)
	at org.eclipse.osgi.framework.internal.core.StartLevelManager.dispatchEvent(StartLevelManager.java:1)
	at org.eclipse.osgi.framework.eventmgr.EventManager.dispatchEvent(EventManager.java:230)
	at org.eclipse.osgi.framework.eventmgr.EventManager$EventThread.run(EventManager.java:340)
Caused by: java.lang.ClassNotFoundException: main.org.jaggeryjs.admin.styles.internal.Activator
	at org.eclipse.osgi.internal.loader.BundleLoader.findClassInternal(BundleLoader.java:513)
	at org.eclipse.osgi.internal.loader.BundleLoader.findClass(BundleLoader.java:429)
	at org.eclipse.osgi.internal.loader.BundleLoader.findClass(BundleLoader.java:417)
	at org.eclipse.osgi.internal.baseadaptor.DefaultClassLoader.loadClass(DefaultClassLoader.java:107)
	at java.lang.ClassLoader.loadClass(ClassLoader.java:356)
	at org.eclipse.osgi.internal.loader.BundleLoader.loadClass(BundleLoader.java:345)
	at org.eclipse.osgi.framework.internal.core.BundleHost.loadClass(BundleHost.java:229)
	at org.eclipse.osgi.framework.internal.core.AbstractBundle.loadBundleActivator(AbstractBundle.java:164)
	... 9 more
Root exception:
java.lang.ClassNotFoundException: main.org.jaggeryjs.admin.styles.internal.Activator
	at org.eclipse.osgi.internal.loader.BundleLoader.findClassInternal(BundleLoader.java:513)
	at org.eclipse.osgi.internal.loader.BundleLoader.findClass(BundleLoader.java:429)
	at org.eclipse.osgi.internal.loader.BundleLoader.findClass(BundleLoader.java:417)
	at org.eclipse.osgi.internal.baseadaptor.DefaultClassLoader.loadClass(DefaultClassLoader.java:107)
	at java.lang.ClassLoader.loadClass(ClassLoader.java:356)
	at org.eclipse.osgi.internal.loader.BundleLoader.loadClass(BundleLoader.java:345)
	at org.eclipse.osgi.framework.internal.core.BundleHost.loadClass(BundleHost.java:229)
	at org.eclipse.osgi.framework.internal.core.AbstractBundle.loadBundleActivator(AbstractBundle.java:164)
	at org.eclipse.osgi.framework.internal.core.BundleContextImpl.start(BundleContextImpl.java:679)
	at org.eclipse.osgi.framework.internal.core.BundleHost.startWorker(BundleHost.java:381)
	at org.eclipse.osgi.framework.internal.core.AbstractBundle.resume(AbstractBundle.java:389)
	at org.eclipse.osgi.framework.internal.core.Framework.resumeBundle(Framework.java:1130)
	at org.eclipse.osgi.framework.internal.core.StartLevelManager.setBundleSL(StartLevelManager.java:693)
	at org.eclipse.osgi.framework.internal.core.StartLevelManager.dispatchEvent(StartLevelManager.java:435)
	at org.eclipse.osgi.framework.internal.core.StartLevelManager.dispatchEvent(StartLevelManager.java:1)
	at org.eclipse.osgi.framework.eventmgr.EventManager.dispatchEvent(EventManager.java:230)
	at org.eclipse.osgi.framework.eventmgr.EventManager$EventThread.run(EventManager.java:340)

!ENTRY org.wso2.carbon.server.admin 4 0 2012-09-19 14:17:32.889
!MESSAGE [SCR] Exception occurred while unbinding reference Reference[name = config.context.service, interface = org.wso2.carbon.utils.ConfigurationContextService, policy = dynamic, cardinality = 1..1, target = null, bind = setConfigurationContextService, unbind = unsetConfigurationContextService]
	Details:
	Problematic reference = Reference[name = config.context.service, interface = org.wso2.carbon.utils.ConfigurationContextService, policy = dynamic, cardinality = 1..1, target = null, bind = setConfigurationContextService, unbind = unsetConfigurationContextService]
	of service component = serveradmin.service.component
	component implementation class = org.wso2.carbon.server.admin.internal.ServerAdminServiceComponent
	located in bundle with symbolic name = org.wso2.carbon.server.admin
	bundle location = reference:file:plugins/org.wso2.carbon.server.admin_4.0.0.jar
!STACK 0
java.lang.reflect.InvocationTargetException
	at sun.reflect.NativeMethodAccessorImpl.invoke0(Native Method)
	at sun.reflect.NativeMethodAccessorImpl.invoke(NativeMethodAccessorImpl.java:57)
	at sun.reflect.DelegatingMethodAccessorImpl.invoke(DelegatingMethodAccessorImpl.java:43)
	at java.lang.reflect.Method.invoke(Method.java:601)
	at org.eclipse.equinox.internal.ds.model.ComponentReference.unbind(ComponentReference.java:464)
	at org.eclipse.equinox.internal.ds.model.ServiceComponentProp.unbindReference(ServiceComponentProp.java:614)
	at org.eclipse.equinox.internal.ds.model.ServiceComponentProp.unbind(ServiceComponentProp.java:263)
	at org.eclipse.equinox.internal.ds.model.ServiceComponentProp.dispose(ServiceComponentProp.java:389)
	at org.eclipse.equinox.internal.ds.model.ServiceComponentProp.dispose(ServiceComponentProp.java:102)
	at org.eclipse.equinox.internal.ds.InstanceProcess.disposeInstances(InstanceProcess.java:343)
	at org.eclipse.equinox.internal.ds.InstanceProcess.disposeInstances(InstanceProcess.java:305)
	at org.eclipse.equinox.internal.ds.Resolver.disposeComponentConfigs(Resolver.java:685)
	at org.eclipse.equinox.internal.ds.Resolver.disableComponents(Resolver.java:661)
	at org.eclipse.equinox.internal.ds.SCRManager.stoppingBundle(SCRManager.java:553)
	at org.eclipse.equinox.internal.ds.SCRManager.bundleChanged(SCRManager.java:232)
	at org.eclipse.osgi.framework.internal.core.BundleContextImpl.dispatchEvent(BundleContextImpl.java:847)
	at org.eclipse.osgi.framework.eventmgr.EventManager.dispatchEvent(EventManager.java:230)
	at org.eclipse.osgi.framework.eventmgr.ListenerQueue.dispatchEventSynchronous(ListenerQueue.java:148)
	at org.eclipse.osgi.framework.internal.core.Framework.publishBundleEventPrivileged(Framework.java:1522)
	at org.eclipse.osgi.framework.internal.core.Framework.publishBundleEvent(Framework.java:1458)
	at org.eclipse.osgi.framework.internal.core.Framework.publishBundleEvent(Framework.java:1453)
	at org.eclipse.osgi.framework.internal.core.BundleHost.stopWorker(BundleHost.java:506)
	at org.eclipse.osgi.framework.internal.core.AbstractBundle.suspend(AbstractBundle.java:565)
	at org.eclipse.osgi.framework.internal.core.Framework.suspendBundle(Framework.java:1160)
	at org.eclipse.osgi.framework.internal.core.StartLevelManager.decFWSL(StartLevelManager.java:595)
	at org.eclipse.osgi.framework.internal.core.StartLevelManager.doSetStartLevel(StartLevelManager.java:257)
	at org.eclipse.osgi.framework.internal.core.StartLevelManager.shutdown(StartLevelManager.java:215)
	at org.eclipse.osgi.framework.internal.core.InternalSystemBundle.suspend(InternalSystemBundle.java:284)
	at org.eclipse.osgi.framework.internal.core.Framework.shutdown(Framework.java:690)
	at org.eclipse.osgi.framework.internal.core.Framework.close(Framework.java:597)
	at org.eclipse.core.runtime.adaptor.EclipseStarter.shutdown(EclipseStarter.java:390)
	at org.wso2.carbon.core.init.CarbonServerManager.shutdown(CarbonServerManager.java:829)
	at org.wso2.carbon.core.init.CarbonServerManager.shutdownGracefully(CarbonServerManager.java:862)
	at org.wso2.carbon.core.init.CarbonServerManager$4.run(CarbonServerManager.java:872)
Caused by: java.lang.NullPointerException
	at org.wso2.carbon.server.admin.internal.ServerAdminServiceComponent.unsetConfigurationContextService(ServerAdminServiceComponent.java:185)
	... 34 more
Root exception:
java.lang.NullPointerException
	at org.wso2.carbon.server.admin.internal.ServerAdminServiceComponent.unsetConfigurationContextService(ServerAdminServiceComponent.java:185)
	at sun.reflect.NativeMethodAccessorImpl.invoke0(Native Method)
	at sun.reflect.NativeMethodAccessorImpl.invoke(NativeMethodAccessorImpl.java:57)
	at sun.reflect.DelegatingMethodAccessorImpl.invoke(DelegatingMethodAccessorImpl.java:43)
	at java.lang.reflect.Method.invoke(Method.java:601)
	at org.eclipse.equinox.internal.ds.model.ComponentReference.unbind(ComponentReference.java:464)
	at org.eclipse.equinox.internal.ds.model.ServiceComponentProp.unbindReference(ServiceComponentProp.java:614)
	at org.eclipse.equinox.internal.ds.model.ServiceComponentProp.unbind(ServiceComponentProp.java:263)
	at org.eclipse.equinox.internal.ds.model.ServiceComponentProp.dispose(ServiceComponentProp.java:389)
	at org.eclipse.equinox.internal.ds.model.ServiceComponentProp.dispose(ServiceComponentProp.java:102)
	at org.eclipse.equinox.internal.ds.InstanceProcess.disposeInstances(InstanceProcess.java:343)
	at org.eclipse.equinox.internal.ds.InstanceProcess.disposeInstances(InstanceProcess.java:305)
	at org.eclipse.equinox.internal.ds.Resolver.disposeComponentConfigs(Resolver.java:685)
	at org.eclipse.equinox.internal.ds.Resolver.disableComponents(Resolver.java:661)
	at org.eclipse.equinox.internal.ds.SCRManager.stoppingBundle(SCRManager.java:553)
	at org.eclipse.equinox.internal.ds.SCRManager.bundleChanged(SCRManager.java:232)
	at org.eclipse.osgi.framework.internal.core.BundleContextImpl.dispatchEvent(BundleContextImpl.java:847)
	at org.eclipse.osgi.framework.eventmgr.EventManager.dispatchEvent(EventManager.java:230)
	at org.eclipse.osgi.framework.eventmgr.ListenerQueue.dispatchEventSynchronous(ListenerQueue.java:148)
	at org.eclipse.osgi.framework.internal.core.Framework.publishBundleEventPrivileged(Framework.java:1522)
	at org.eclipse.osgi.framework.internal.core.Framework.publishBundleEvent(Framework.java:1458)
	at org.eclipse.osgi.framework.internal.core.Framework.publishBundleEvent(Framework.java:1453)
	at org.eclipse.osgi.framework.internal.core.BundleHost.stopWorker(BundleHost.java:506)
	at org.eclipse.osgi.framework.internal.core.AbstractBundle.suspend(AbstractBundle.java:565)
	at org.eclipse.osgi.framework.internal.core.Framework.suspendBundle(Framework.java:1160)
	at org.eclipse.osgi.framework.internal.core.StartLevelManager.decFWSL(StartLevelManager.java:595)
	at org.eclipse.osgi.framework.internal.core.StartLevelManager.doSetStartLevel(StartLevelManager.java:257)
	at org.eclipse.osgi.framework.internal.core.StartLevelManager.shutdown(StartLevelManager.java:215)
	at org.eclipse.osgi.framework.internal.core.InternalSystemBundle.suspend(InternalSystemBundle.java:284)
	at org.eclipse.osgi.framework.internal.core.Framework.shutdown(Framework.java:690)
	at org.eclipse.osgi.framework.internal.core.Framework.close(Framework.java:597)
	at org.eclipse.core.runtime.adaptor.EclipseStarter.shutdown(EclipseStarter.java:390)
	at org.wso2.carbon.core.init.CarbonServerManager.shutdown(CarbonServerManager.java:829)
	at org.wso2.carbon.core.init.CarbonServerManager.shutdownGracefully(CarbonServerManager.java:862)
	at org.wso2.carbon.core.init.CarbonServerManager$4.run(CarbonServerManager.java:872)

!ENTRY org.wso2.carbon.server.admin 4 0 2012-09-19 14:17:32.890
!MESSAGE [SCR] Exception occurred while unbinding reference Reference[name = config.context.service, interface = org.wso2.carbon.utils.ConfigurationContextService, policy = dynamic, cardinality = 1..1, target = null, bind = setConfigurationContextService, unbind = unsetConfigurationContextService]
	Details:
	Problematic reference = Reference[name = config.context.service, interface = org.wso2.carbon.utils.ConfigurationContextService, policy = dynamic, cardinality = 1..1, target = null, bind = setConfigurationContextService, unbind = unsetConfigurationContextService]
	of service component = serveradmin.service.component
	component implementation class = org.wso2.carbon.server.admin.internal.ServerAdminServiceComponent
	located in bundle with symbolic name = org.wso2.carbon.server.admin
	bundle location = reference:file:plugins/org.wso2.carbon.server.admin_4.0.0.jar
!STACK 0
java.lang.reflect.InvocationTargetException
	at sun.reflect.NativeMethodAccessorImpl.invoke0(Native Method)
	at sun.reflect.NativeMethodAccessorImpl.invoke(NativeMethodAccessorImpl.java:57)
	at sun.reflect.DelegatingMethodAccessorImpl.invoke(DelegatingMethodAccessorImpl.java:43)
	at java.lang.reflect.Method.invoke(Method.java:601)
	at org.eclipse.equinox.internal.ds.model.ComponentReference.unbind(ComponentReference.java:464)
	at org.eclipse.equinox.internal.ds.model.ServiceComponentProp.unbindReference(ServiceComponentProp.java:614)
	at org.eclipse.equinox.internal.ds.model.ServiceComponentProp.unbind(ServiceComponentProp.java:263)
	at org.eclipse.equinox.internal.ds.model.ServiceComponentProp.dispose(ServiceComponentProp.java:389)
	at org.eclipse.equinox.internal.ds.model.ServiceComponentProp.dispose(ServiceComponentProp.java:102)
	at org.eclipse.equinox.internal.ds.InstanceProcess.disposeInstances(InstanceProcess.java:343)
	at org.eclipse.equinox.internal.ds.InstanceProcess.disposeInstances(InstanceProcess.java:305)
	at org.eclipse.equinox.internal.ds.Resolver.disposeComponentConfigs(Resolver.java:685)
	at org.eclipse.equinox.internal.ds.Resolver.disableComponents(Resolver.java:661)
	at org.eclipse.equinox.internal.ds.SCRManager.stoppingBundle(SCRManager.java:553)
	at org.eclipse.equinox.internal.ds.SCRManager.bundleChanged(SCRManager.java:232)
	at org.eclipse.osgi.framework.internal.core.BundleContextImpl.dispatchEvent(BundleContextImpl.java:847)
	at org.eclipse.osgi.framework.eventmgr.EventManager.dispatchEvent(EventManager.java:230)
	at org.eclipse.osgi.framework.eventmgr.ListenerQueue.dispatchEventSynchronous(ListenerQueue.java:148)
	at org.eclipse.osgi.framework.internal.core.Framework.publishBundleEventPrivileged(Framework.java:1522)
	at org.eclipse.osgi.framework.internal.core.Framework.publishBundleEvent(Framework.java:1458)
	at org.eclipse.osgi.framework.internal.core.Framework.publishBundleEvent(Framework.java:1453)
	at org.eclipse.osgi.framework.internal.core.BundleHost.stopWorker(BundleHost.java:506)
	at org.eclipse.osgi.framework.internal.core.AbstractBundle.suspend(AbstractBundle.java:565)
	at org.eclipse.osgi.framework.internal.core.Framework.suspendBundle(Framework.java:1160)
	at org.eclipse.osgi.framework.internal.core.StartLevelManager.decFWSL(StartLevelManager.java:595)
	at org.eclipse.osgi.framework.internal.core.StartLevelManager.doSetStartLevel(StartLevelManager.java:257)
	at org.eclipse.osgi.framework.internal.core.StartLevelManager.shutdown(StartLevelManager.java:215)
	at org.eclipse.osgi.framework.internal.core.InternalSystemBundle.suspend(InternalSystemBundle.java:284)
	at org.eclipse.osgi.framework.internal.core.Framework.shutdown(Framework.java:690)
	at org.eclipse.osgi.framework.internal.core.Framework.close(Framework.java:597)
	at org.eclipse.core.runtime.adaptor.EclipseStarter.shutdown(EclipseStarter.java:390)
	at org.wso2.carbon.core.init.CarbonServerManager.shutdown(CarbonServerManager.java:829)
	at org.wso2.carbon.core.init.CarbonServerManager.shutdownGracefully(CarbonServerManager.java:862)
	at org.wso2.carbon.core.init.CarbonServerManager$4.run(CarbonServerManager.java:872)
Caused by: java.lang.NullPointerException
	at org.wso2.carbon.server.admin.internal.ServerAdminServiceComponent.unsetConfigurationContextService(ServerAdminServiceComponent.java:185)
	... 34 more
Root exception:
java.lang.NullPointerException
	at org.wso2.carbon.server.admin.internal.ServerAdminServiceComponent.unsetConfigurationContextService(ServerAdminServiceComponent.java:185)
	at sun.reflect.NativeMethodAccessorImpl.invoke0(Native Method)
	at sun.reflect.NativeMethodAccessorImpl.invoke(NativeMethodAccessorImpl.java:57)
	at sun.reflect.DelegatingMethodAccessorImpl.invoke(DelegatingMethodAccessorImpl.java:43)
	at java.lang.reflect.Method.invoke(Method.java:601)
	at org.eclipse.equinox.internal.ds.model.ComponentReference.unbind(ComponentReference.java:464)
	at org.eclipse.equinox.internal.ds.model.ServiceComponentProp.unbindReference(ServiceComponentProp.java:614)
	at org.eclipse.equinox.internal.ds.model.ServiceComponentProp.unbind(ServiceComponentProp.java:263)
	at org.eclipse.equinox.internal.ds.model.ServiceComponentProp.dispose(ServiceComponentProp.java:389)
	at org.eclipse.equinox.internal.ds.model.ServiceComponentProp.dispose(ServiceComponentProp.java:102)
	at org.eclipse.equinox.internal.ds.InstanceProcess.disposeInstances(InstanceProcess.java:343)
	at org.eclipse.equinox.internal.ds.InstanceProcess.disposeInstances(InstanceProcess.java:305)
	at org.eclipse.equinox.internal.ds.Resolver.disposeComponentConfigs(Resolver.java:685)
	at org.eclipse.equinox.internal.ds.Resolver.disableComponents(Resolver.java:661)
	at org.eclipse.equinox.internal.ds.SCRManager.stoppingBundle(SCRManager.java:553)
	at org.eclipse.equinox.internal.ds.SCRManager.bundleChanged(SCRManager.java:232)
	at org.eclipse.osgi.framework.internal.core.BundleContextImpl.dispatchEvent(BundleContextImpl.java:847)
	at org.eclipse.osgi.framework.eventmgr.EventManager.dispatchEvent(EventManager.java:230)
	at org.eclipse.osgi.framework.eventmgr.ListenerQueue.dispatchEventSynchronous(ListenerQueue.java:148)
	at org.eclipse.osgi.framework.internal.core.Framework.publishBundleEventPrivileged(Framework.java:1522)
	at org.eclipse.osgi.framework.internal.core.Framework.publishBundleEvent(Framework.java:1458)
	at org.eclipse.osgi.framework.internal.core.Framework.publishBundleEvent(Framework.java:1453)
	at org.eclipse.osgi.framework.internal.core.BundleHost.stopWorker(BundleHost.java:506)
	at org.eclipse.osgi.framework.internal.core.AbstractBundle.suspend(AbstractBundle.java:565)
	at org.eclipse.osgi.framework.internal.core.Framework.suspendBundle(Framework.java:1160)
	at org.eclipse.osgi.framework.internal.core.StartLevelManager.decFWSL(StartLevelManager.java:595)
	at org.eclipse.osgi.framework.internal.core.StartLevelManager.doSetStartLevel(StartLevelManager.java:257)
	at org.eclipse.osgi.framework.internal.core.StartLevelManager.shutdown(StartLevelManager.java:215)
	at org.eclipse.osgi.framework.internal.core.InternalSystemBundle.suspend(InternalSystemBundle.java:284)
	at org.eclipse.osgi.framework.internal.core.Framework.shutdown(Framework.java:690)
	at org.eclipse.osgi.framework.internal.core.Framework.close(Framework.java:597)
	at org.eclipse.core.runtime.adaptor.EclipseStarter.shutdown(EclipseStarter.java:390)
	at org.wso2.carbon.core.init.CarbonServerManager.shutdown(CarbonServerManager.java:829)
	at org.wso2.carbon.core.init.CarbonServerManager.shutdownGracefully(CarbonServerManager.java:862)
	at org.wso2.carbon.core.init.CarbonServerManager$4.run(CarbonServerManager.java:872)

!ENTRY org.wso2.carbon.webapp.mgt 4 0 2012-09-19 14:17:32.895
!MESSAGE [SCR] Error while attempting to deactivate instance of component Component[
	name = org.wso2.carbon.webapp.mgt.internal.UrlMapperServiceComponent
	factory = null
	autoenable = true
	immediate = true
	implementation = org.wso2.carbon.webapp.mgt.internal.UrlMapperServiceComponent
	state = Disabled
	properties = {service.pid=org.wso2.carbon.webapp.mgt.internal.UrlMapperServiceComponent}
	serviceFactory = false
	serviceInterface = null
	references = {
		Reference[name = url.mapper.service, interface = org.wso2.carbon.url.mapper.HotUpdateService, policy = dynamic, cardinality = 0..1, target = null, bind = setHotUpdateService, unbind = unsetHotUpdateService]
	}
	located in bundle = org.wso2.carbon.webapp.mgt_4.0.1 [177]
]
!STACK 0
java.lang.NoClassDefFoundError: org/wso2/carbon/url/mapper/HotUpdateService
	at java.lang.Class.getDeclaredMethods0(Native Method)
	at java.lang.Class.privateGetDeclaredMethods(Class.java:2442)
	at java.lang.Class.getDeclaredMethod(Class.java:1952)
	at org.eclipse.equinox.internal.ds.model.ServiceComponent.getMethod(ServiceComponent.java:148)
	at org.eclipse.equinox.internal.ds.model.ServiceComponent.deactivate(ServiceComponent.java:372)
	at org.eclipse.equinox.internal.ds.model.ServiceComponentProp.deactivate(ServiceComponentProp.java:161)
	at org.eclipse.equinox.internal.ds.model.ServiceComponentProp.dispose(ServiceComponentProp.java:388)
	at org.eclipse.equinox.internal.ds.model.ServiceComponentProp.dispose(ServiceComponentProp.java:102)
	at org.eclipse.equinox.internal.ds.InstanceProcess.disposeInstances(InstanceProcess.java:343)
	at org.eclipse.equinox.internal.ds.InstanceProcess.disposeInstances(InstanceProcess.java:305)
	at org.eclipse.equinox.internal.ds.Resolver.disposeComponentConfigs(Resolver.java:685)
	at org.eclipse.equinox.internal.ds.Resolver.disableComponents(Resolver.java:661)
	at org.eclipse.equinox.internal.ds.SCRManager.stoppingBundle(SCRManager.java:553)
	at org.eclipse.equinox.internal.ds.SCRManager.bundleChanged(SCRManager.java:232)
	at org.eclipse.osgi.framework.internal.core.BundleContextImpl.dispatchEvent(BundleContextImpl.java:847)
	at org.eclipse.osgi.framework.eventmgr.EventManager.dispatchEvent(EventManager.java:230)
	at org.eclipse.osgi.framework.eventmgr.ListenerQueue.dispatchEventSynchronous(ListenerQueue.java:148)
	at org.eclipse.osgi.framework.internal.core.Framework.publishBundleEventPrivileged(Framework.java:1522)
	at org.eclipse.osgi.framework.internal.core.Framework.publishBundleEvent(Framework.java:1458)
	at org.eclipse.osgi.framework.internal.core.Framework.publishBundleEvent(Framework.java:1453)
	at org.eclipse.osgi.framework.internal.core.BundleHost.stopWorker(BundleHost.java:506)
	at org.eclipse.osgi.framework.internal.core.AbstractBundle.suspend(AbstractBundle.java:565)
	at org.eclipse.osgi.framework.internal.core.Framework.suspendBundle(Framework.java:1160)
	at org.eclipse.osgi.framework.internal.core.StartLevelManager.decFWSL(StartLevelManager.java:595)
	at org.eclipse.osgi.framework.internal.core.StartLevelManager.doSetStartLevel(StartLevelManager.java:257)
	at org.eclipse.osgi.framework.internal.core.StartLevelManager.shutdown(StartLevelManager.java:215)
	at org.eclipse.osgi.framework.internal.core.InternalSystemBundle.suspend(InternalSystemBundle.java:284)
	at org.eclipse.osgi.framework.internal.core.Framework.shutdown(Framework.java:690)
	at org.eclipse.osgi.framework.internal.core.Framework.close(Framework.java:597)
	at org.eclipse.core.runtime.adaptor.EclipseStarter.shutdown(EclipseStarter.java:390)
	at org.wso2.carbon.core.init.CarbonServerManager.shutdown(CarbonServerManager.java:829)
	at org.wso2.carbon.core.init.CarbonServerManager.shutdownGracefully(CarbonServerManager.java:862)
	at org.wso2.carbon.core.init.CarbonServerManager$4.run(CarbonServerManager.java:872)
Caused by: java.lang.ClassNotFoundException: org.wso2.carbon.url.mapper.HotUpdateService
	at org.eclipse.osgi.internal.loader.BundleLoader.findClassInternal(BundleLoader.java:513)
	at org.eclipse.osgi.internal.loader.BundleLoader.findClass(BundleLoader.java:429)
	at org.eclipse.osgi.internal.loader.BundleLoader.findClass(BundleLoader.java:417)
	at org.eclipse.osgi.internal.baseadaptor.DefaultClassLoader.loadClass(DefaultClassLoader.java:107)
	at java.lang.ClassLoader.loadClass(ClassLoader.java:356)
	... 33 more

!ENTRY org.wso2.carbon.webapp.mgt 4 0 2012-09-19 14:17:32.895
!MESSAGE [SCR] Error while attempting to deactivate instance of component Component[
	name = org.wso2.carbon.webapp.mgt.internal.UrlMapperServiceComponent
	factory = null
	autoenable = true
	immediate = true
	implementation = org.wso2.carbon.webapp.mgt.internal.UrlMapperServiceComponent
	state = Disabled
	properties = {service.pid=org.wso2.carbon.webapp.mgt.internal.UrlMapperServiceComponent}
	serviceFactory = false
	serviceInterface = null
	references = {
		Reference[name = url.mapper.service, interface = org.wso2.carbon.url.mapper.HotUpdateService, policy = dynamic, cardinality = 0..1, target = null, bind = setHotUpdateService, unbind = unsetHotUpdateService]
	}
	located in bundle = org.wso2.carbon.webapp.mgt_4.0.1 [177]
]
!STACK 0
java.lang.NoClassDefFoundError: org/wso2/carbon/url/mapper/HotUpdateService
	at java.lang.Class.getDeclaredMethods0(Native Method)
	at java.lang.Class.privateGetDeclaredMethods(Class.java:2442)
	at java.lang.Class.getDeclaredMethod(Class.java:1952)
	at org.eclipse.equinox.internal.ds.model.ServiceComponent.getMethod(ServiceComponent.java:148)
	at org.eclipse.equinox.internal.ds.model.ServiceComponent.deactivate(ServiceComponent.java:372)
	at org.eclipse.equinox.internal.ds.model.ServiceComponentProp.deactivate(ServiceComponentProp.java:161)
	at org.eclipse.equinox.internal.ds.model.ServiceComponentProp.dispose(ServiceComponentProp.java:388)
	at org.eclipse.equinox.internal.ds.model.ServiceComponentProp.dispose(ServiceComponentProp.java:102)
	at org.eclipse.equinox.internal.ds.InstanceProcess.disposeInstances(InstanceProcess.java:343)
	at org.eclipse.equinox.internal.ds.InstanceProcess.disposeInstances(InstanceProcess.java:305)
	at org.eclipse.equinox.internal.ds.Resolver.disposeComponentConfigs(Resolver.java:685)
	at org.eclipse.equinox.internal.ds.Resolver.disableComponents(Resolver.java:661)
	at org.eclipse.equinox.internal.ds.SCRManager.stoppingBundle(SCRManager.java:553)
	at org.eclipse.equinox.internal.ds.SCRManager.bundleChanged(SCRManager.java:232)
	at org.eclipse.osgi.framework.internal.core.BundleContextImpl.dispatchEvent(BundleContextImpl.java:847)
	at org.eclipse.osgi.framework.eventmgr.EventManager.dispatchEvent(EventManager.java:230)
	at org.eclipse.osgi.framework.eventmgr.ListenerQueue.dispatchEventSynchronous(ListenerQueue.java:148)
	at org.eclipse.osgi.framework.internal.core.Framework.publishBundleEventPrivileged(Framework.java:1522)
	at org.eclipse.osgi.framework.internal.core.Framework.publishBundleEvent(Framework.java:1458)
	at org.eclipse.osgi.framework.internal.core.Framework.publishBundleEvent(Framework.java:1453)
	at org.eclipse.osgi.framework.internal.core.BundleHost.stopWorker(BundleHost.java:506)
	at org.eclipse.osgi.framework.internal.core.AbstractBundle.suspend(AbstractBundle.java:565)
	at org.eclipse.osgi.framework.internal.core.Framework.suspendBundle(Framework.java:1160)
	at org.eclipse.osgi.framework.internal.core.StartLevelManager.decFWSL(StartLevelManager.java:595)
	at org.eclipse.osgi.framework.internal.core.StartLevelManager.doSetStartLevel(StartLevelManager.java:257)
	at org.eclipse.osgi.framework.internal.core.StartLevelManager.shutdown(StartLevelManager.java:215)
	at org.eclipse.osgi.framework.internal.core.InternalSystemBundle.suspend(InternalSystemBundle.java:284)
	at org.eclipse.osgi.framework.internal.core.Framework.shutdown(Framework.java:690)
	at org.eclipse.osgi.framework.internal.core.Framework.close(Framework.java:597)
	at org.eclipse.core.runtime.adaptor.EclipseStarter.shutdown(EclipseStarter.java:390)
	at org.wso2.carbon.core.init.CarbonServerManager.shutdown(CarbonServerManager.java:829)
	at org.wso2.carbon.core.init.CarbonServerManager.shutdownGracefully(CarbonServerManager.java:862)
	at org.wso2.carbon.core.init.CarbonServerManager$4.run(CarbonServerManager.java:872)
Caused by: java.lang.ClassNotFoundException: org.wso2.carbon.url.mapper.HotUpdateService
	at org.eclipse.osgi.internal.loader.BundleLoader.findClassInternal(BundleLoader.java:513)
	at org.eclipse.osgi.internal.loader.BundleLoader.findClass(BundleLoader.java:429)
	at org.eclipse.osgi.internal.loader.BundleLoader.findClass(BundleLoader.java:417)
	at org.eclipse.osgi.internal.baseadaptor.DefaultClassLoader.loadClass(DefaultClassLoader.java:107)
	at java.lang.ClassLoader.loadClass(ClassLoader.java:356)
	... 33 more
